Thu Jul 28 2016 13:37:10 GMT-0400 (EDT): GET /about
Thu Jul 28 2016 13:37:11 GMT-0400 (EDT): GET /favicon.ico
Thu Jul 28 2016 13:42:16 GMT-0400 (EDT): GET /about
Thu Jul 28 2016 13:42:21 GMT-0400 (EDT): GET /
Thu Jul 28 2016 13:43:41 GMT-0400 (EDT): GET /help.html
Thu Jul 28 2016 13:43:46 GMT-0400 (EDT): GET /
Thu Jul 28 2016 13:46:17 GMT-0400 (EDT): GET /
Thu Jul 28 2016 13:46:42 GMT-0400 (EDT): GET /
Thu Jul 28 2016 13:46:45 GMT-0400 (EDT): GET /about
Mon Dec 17 2018 03:13:48 GMT+0530 (IST): GET /
Mon Dec 17 2018 03:13:48 GMT+0530 (IST): GET /favicon.ico
Mon Dec 17 2018 03:13:50 GMT+0530 (IST): GET /
Mon Dec 17 2018 03:13:51 GMT+0530 (IST): GET /about
Mon Dec 17 2018 03:13:52 GMT+0530 (IST): GET /
Mon Dec 17 2018 03:13:53 GMT+0530 (IST): GET /about
Mon Dec 17 2018 03:14:04 GMT+0530 (IST): GET /about
Mon Dec 17 2018 03:14:05 GMT+0530 (IST): GET /
Mon Dec 17 2018 03:14:07 GMT+0530 (IST): GET /
Mon Dec 17 2018 03:14:07 GMT+0530 (IST): GET /about
Mon Dec 17 2018 03:14:08 GMT+0530 (IST): GET /
Mon Dec 17 2018 13:39:58 GMT+0530 (IST): GET /
Mon Dec 17 2018 13:39:58 GMT+0530 (IST): GET /favicon.ico
